<?xml version="1.0" encoding="UTF-8"?>
<coverage generated="1769685283701" clover="3.2.0">
  <project timestamp="1769685283701" name="All files">
    <metrics statements="55" coveredstatements="40" conditionals="69" coveredconditionals="40" methods="19" coveredmethods="9" elements="143" coveredelements="89" complexity="0" loc="55" ncloc="55" packages="1" files="1" classes="1"/>
    <file name="structuredData.ts" path="/opt/legal-advocacy-web/frontend/src/utils/structuredData.ts">
      <metrics statements="55" coveredstatements="40" conditionals="69" coveredconditionals="40" methods="19" coveredmethods="9"/>
      <line num="8" count="1" type="stmt"/>
      <line num="9" count="1" type="stmt"/>
      <line num="10" count="1" type="stmt"/>
      <line num="52" count="5" type="stmt"/>
      <line num="69" count="1" type="stmt"/>
      <line num="72" count="2" type="stmt"/>
      <line num="94" count="0" type="stmt"/>
      <line num="110" count="0" type="cond" truecount="0" falsecount="4"/>
      <line num="111" count="0" type="stmt"/>
      <line num="114" count="0" type="stmt"/>
      <line num="122" count="0" type="stmt"/>
      <line num="156" count="0" type="stmt"/>
      <line num="157" count="0" type="stmt"/>
      <line num="159" count="0" type="stmt"/>
      <line num="182" count="0" type="cond" truecount="0" falsecount="2"/>
      <line num="218" count="0" type="stmt"/>
      <line num="247" count="0" type="stmt"/>
      <line num="269" count="0" type="stmt"/>
      <line num="292" count="0" type="stmt"/>
      <line num="344" count="0" type="stmt"/>
      <line num="381" count="5" type="stmt"/>
      <line num="386" count="5" type="cond" truecount="2" falsecount="0"/>
      <line num="387" count="5" type="cond" truecount="1" falsecount="1"/>
      <line num="388" count="5" type="cond" truecount="2" falsecount="0"/>
      <line num="389" count="5" type="cond" truecount="2" falsecount="0"/>
      <line num="390" count="5" type="cond" truecount="2" falsecount="0"/>
      <line num="391" count="5" type="cond" truecount="2" falsecount="0"/>
      <line num="392" count="5" type="cond" truecount="1" falsecount="1"/>
      <line num="394" count="5" type="stmt"/>
      <line num="411" count="5" type="stmt"/>
      <line num="419" count="5" type="cond" truecount="2" falsecount="0"/>
      <line num="420" count="5" type="cond" truecount="2" falsecount="0"/>
      <line num="422" count="5" type="stmt"/>
      <line num="437" count="5" type="stmt"/>
      <line num="442" count="5" type="cond" truecount="2" falsecount="0"/>
      <line num="443" count="3" type="stmt"/>
      <line num="446" count="5" type="cond" truecount="2" falsecount="0"/>
      <line num="447" count="5" type="cond" truecount="2" falsecount="2"/>
      <line num="449" count="5" type="stmt"/>
      <line num="468" count="3" type="stmt"/>
      <line num="474" count="3" type="cond" truecount="5" falsecount="0"/>
      <line num="475" count="1" type="stmt"/>
      <line num="479" count="1" type="cond" truecount="1" falsecount="1"/>
      <line num="480" count="1" type="cond" truecount="1" falsecount="1"/>
      <line num="481" count="1" type="cond" truecount="1" falsecount="1"/>
      <line num="483" count="1" type="stmt"/>
      <line num="487" count="3" type="cond" truecount="2" falsecount="0"/>
      <line num="488" count="1" type="stmt"/>
      <line num="495" count="3" type="stmt"/>
      <line num="511" count="3" type="stmt"/>
      <line num="518" count="4" type="stmt"/>
      <line num="530" count="3" type="cond" truecount="4" falsecount="0"/>
      <line num="531" count="1" type="stmt"/>
      <line num="534" count="2" type="stmt"/>
      <line num="542" count="0" type="stmt"/>
    </file>
  </project>
</coverage>
