{"/opt/legal-advocacy-web/frontend/src/utils/structuredData.ts": {"path":"/opt/legal-advocacy-web/frontend/src/utils/structuredData.ts","statementMap":{"0":{"start":{"line":8,"column":17},"end":{"line":8,"column":null}},"1":{"start":{"line":9,"column":17},"end":{"line":9,"column":null}},"2":{"start":{"line":10,"column":17},"end":{"line":10,"column":null}},"3":{"start":{"line":52,"column":2},"end":{"line":61,"column":null}},"4":{"start":{"line":69,"column":2},"end":{"line":78,"column":null}},"5":{"start":{"line":72,"column":49},"end":{"line":77,"column":6}},"6":{"start":{"line":94,"column":42},"end":{"line":108,"column":null}},"7":{"start":{"line":110,"column":2},"end":{"line":112,"column":null}},"8":{"start":{"line":111,"column":4},"end":{"line":111,"column":null}},"9":{"start":{"line":114,"column":2},"end":{"line":114,"column":null}},"10":{"start":{"line":122,"column":2},"end":{"line":148,"column":null}},"11":{"start":{"line":156,"column":18},"end":{"line":156,"column":null}},"12":{"start":{"line":157,"column":19},"end":{"line":157,"column":null}},"13":{"start":{"line":159,"column":2},"end":{"line":211,"column":null}},"14":{"start":{"line":182,"column":57},"end":{"line":185,"column":8}},"15":{"start":{"line":218,"column":2},"end":{"line":240,"column":null}},"16":{"start":{"line":247,"column":2},"end":{"line":262,"column":null}},"17":{"start":{"line":269,"column":2},"end":{"line":284,"column":null}},"18":{"start":{"line":292,"column":2},"end":{"line":330,"column":null}},"19":{"start":{"line":344,"column":2},"end":{"line":362,"column":null}},"20":{"start":{"line":381,"column":48},"end":{"line":384,"column":null}},"21":{"start":{"line":386,"column":2},"end":{"line":386,"column":null}},"22":{"start":{"line":386,"column":20},"end":{"line":386,"column":null}},"23":{"start":{"line":387,"column":2},"end":{"line":387,"column":null}},"24":{"start":{"line":387,"column":25},"end":{"line":387,"column":null}},"25":{"start":{"line":388,"column":2},"end":{"line":388,"column":null}},"26":{"start":{"line":388,"column":21},"end":{"line":388,"column":null}},"27":{"start":{"line":389,"column":2},"end":{"line":389,"column":null}},"28":{"start":{"line":389,"column":19},"end":{"line":389,"column":null}},"29":{"start":{"line":390,"column":2},"end":{"line":390,"column":null}},"30":{"start":{"line":390,"column":26},"end":{"line":390,"column":null}},"31":{"start":{"line":391,"column":2},"end":{"line":391,"column":null}},"32":{"start":{"line":391,"column":33},"end":{"line":391,"column":null}},"33":{"start":{"line":392,"column":2},"end":{"line":392,"column":null}},"34":{"start":{"line":392,"column":30},"end":{"line":392,"column":null}},"35":{"start":{"line":394,"column":2},"end":{"line":394,"column":null}},"36":{"start":{"line":411,"column":43},"end":{"line":417,"column":null}},"37":{"start":{"line":419,"column":2},"end":{"line":419,"column":null}},"38":{"start":{"line":419,"column":26},"end":{"line":419,"column":null}},"39":{"start":{"line":420,"column":2},"end":{"line":420,"column":null}},"40":{"start":{"line":420,"column":24},"end":{"line":420,"column":null}},"41":{"start":{"line":422,"column":2},"end":{"line":422,"column":null}},"42":{"start":{"line":437,"column":42},"end":{"line":440,"column":null}},"43":{"start":{"line":442,"column":2},"end":{"line":444,"column":null}},"44":{"start":{"line":443,"column":4},"end":{"line":443,"column":null}},"45":{"start":{"line":446,"column":2},"end":{"line":446,"column":null}},"46":{"start":{"line":446,"column":19},"end":{"line":446,"column":null}},"47":{"start":{"line":447,"column":2},"end":{"line":447,"column":null}},"48":{"start":{"line":447,"column":44},"end":{"line":447,"column":null}},"49":{"start":{"line":449,"column":2},"end":{"line":449,"column":null}},"50":{"start":{"line":468,"column":41},"end":{"line":471,"column":null}},"51":{"start":{"line":474,"column":2},"end":{"line":484,"column":null}},"52":{"start":{"line":475,"column":45},"end":{"line":477,"column":null}},"53":{"start":{"line":479,"column":4},"end":{"line":479,"column":null}},"54":{"start":{"line":479,"column":33},"end":{"line":479,"column":null}},"55":{"start":{"line":480,"column":4},"end":{"line":480,"column":null}},"56":{"start":{"line":480,"column":31},"end":{"line":480,"column":null}},"57":{"start":{"line":481,"column":4},"end":{"line":481,"column":null}},"58":{"start":{"line":481,"column":32},"end":{"line":481,"column":null}},"59":{"start":{"line":483,"column":4},"end":{"line":483,"column":null}},"60":{"start":{"line":487,"column":2},"end":{"line":493,"column":null}},"61":{"start":{"line":488,"column":4},"end":{"line":492,"column":null}},"62":{"start":{"line":495,"column":2},"end":{"line":495,"column":null}},"63":{"start":{"line":511,"column":18},"end":{"line":527,"column":null}},"64":{"start":{"line":518,"column":46},"end":{"line":525,"column":6}},"65":{"start":{"line":530,"column":2},"end":{"line":532,"column":null}},"66":{"start":{"line":531,"column":4},"end":{"line":531,"column":null}},"67":{"start":{"line":534,"column":2},"end":{"line":534,"column":null}},"68":{"start":{"line":542,"column":2},"end":{"line":542,"column":null}}},"fnMap":{"0":{"name":"getOrganizationRef","decl":{"start":{"line":51,"column":16},"end":{"line":51,"column":37}},"loc":{"start":{"line":51,"column":37},"end":{"line":62,"column":null}},"line":51},"1":{"name":"generateBreadcrumbList","decl":{"start":{"line":68,"column":16},"end":{"line":68,"column":39}},"loc":{"start":{"line":68,"column":64},"end":{"line":79,"column":null}},"line":68},"2":{"name":"(anonymous_2)","decl":{"start":{"line":72,"column":31},"end":{"line":72,"column":32}},"loc":{"start":{"line":72,"column":49},"end":{"line":77,"column":6}},"line":72},"3":{"name":"generateWebPage","decl":{"start":{"line":88,"column":16},"end":{"line":88,"column":null}},"loc":{"start":{"line":93,"column":2},"end":{"line":115,"column":null}},"line":93},"4":{"name":"generateArticle","decl":{"start":{"line":121,"column":16},"end":{"line":121,"column":32}},"loc":{"start":{"line":121,"column":51},"end":{"line":149,"column":null}},"line":121},"5":{"name":"generateLegalCase","decl":{"start":{"line":155,"column":16},"end":{"line":155,"column":34}},"loc":{"start":{"line":155,"column":54},"end":{"line":212,"column":null}},"line":155},"6":{"name":"(anonymous_6)","decl":{"start":{"line":182,"column":45},"end":{"line":182,"column":46}},"loc":{"start":{"line":182,"column":57},"end":{"line":185,"column":8}},"line":182},"7":{"name":"generateCollectionPage","decl":{"start":{"line":217,"column":16},"end":{"line":217,"column":39}},"loc":{"start":{"line":217,"column":65},"end":{"line":241,"column":null}},"line":217},"8":{"name":"generateContactPage","decl":{"start":{"line":246,"column":16},"end":{"line":246,"column":38}},"loc":{"start":{"line":246,"column":38},"end":{"line":263,"column":null}},"line":246},"9":{"name":"generateAboutPage","decl":{"start":{"line":268,"column":16},"end":{"line":268,"column":36}},"loc":{"start":{"line":268,"column":36},"end":{"line":285,"column":null}},"line":268},"10":{"name":"generateDataset","decl":{"start":{"line":291,"column":16},"end":{"line":291,"column":32}},"loc":{"start":{"line":291,"column":52},"end":{"line":331,"column":null}},"line":291},"11":{"name":"generateItemPage","decl":{"start":{"line":337,"column":16},"end":{"line":337,"column":null}},"loc":{"start":{"line":343,"column":2},"end":{"line":363,"column":null}},"line":343},"12":{"name":"generateContactPoint","decl":{"start":{"line":380,"column":16},"end":{"line":380,"column":37}},"loc":{"start":{"line":380,"column":67},"end":{"line":395,"column":null}},"line":380},"13":{"name":"generateService","decl":{"start":{"line":410,"column":16},"end":{"line":410,"column":32}},"loc":{"start":{"line":410,"column":57},"end":{"line":423,"column":null}},"line":410},"14":{"name":"generatePerson","decl":{"start":{"line":436,"column":16},"end":{"line":436,"column":31}},"loc":{"start":{"line":436,"column":55},"end":{"line":450,"column":null}},"line":436},"15":{"name":"generatePlace","decl":{"start":{"line":467,"column":16},"end":{"line":467,"column":30}},"loc":{"start":{"line":467,"column":53},"end":{"line":496,"column":null}},"line":467},"16":{"name":"generateFAQPage","decl":{"start":{"line":510,"column":16},"end":{"line":510,"column":32}},"loc":{"start":{"line":510,"column":53},"end":{"line":535,"column":null}},"line":510},"17":{"name":"(anonymous_17)","decl":{"start":{"line":518,"column":38},"end":{"line":518,"column":39}},"loc":{"start":{"line":518,"column":46},"end":{"line":525,"column":6}},"line":518},"18":{"name":"combineStructuredData","decl":{"start":{"line":541,"column":16},"end":{"line":541,"column":41}},"loc":{"start":{"line":541,"column":60},"end":{"line":543,"column":null}},"line":541}},"branchMap":{"0":{"loc":{"start":{"line":76,"column":10},"end":{"line":76,"column":null}},"type":"cond-expr","locations":[{"start":{"line":76,"column":49},"end":{"line":76,"column":70}},{"start":{"line":76,"column":70},"end":{"line":76,"column":null}}],"line":76},"1":{"loc":{"start":{"line":76,"column":10},"end":{"line":76,"column":49}},"type":"binary-expr","locations":[{"start":{"line":76,"column":10},"end":{"line":76,"column":22}},{"start":{"line":76,"column":22},"end":{"line":76,"column":49}}],"line":76},"2":{"loc":{"start":{"line":110,"column":2},"end":{"line":112,"column":null}},"type":"if","locations":[{"start":{"line":110,"column":2},"end":{"line":112,"column":null}},{"start":{},"end":{}}],"line":110},"3":{"loc":{"start":{"line":110,"column":6},"end":{"line":110,"column":45}},"type":"binary-expr","locations":[{"start":{"line":110,"column":6},"end":{"line":110,"column":21}},{"start":{"line":110,"column":21},"end":{"line":110,"column":45}}],"line":110},"4":{"loc":{"start":{"line":129,"column":11},"end":{"line":129,"column":null}},"type":"binary-expr","locations":[{"start":{"line":129,"column":11},"end":{"line":129,"column":25}},{"start":{"line":129,"column":25},"end":{"line":129,"column":null}}],"line":129},"5":{"loc":{"start":{"line":131,"column":18},"end":{"line":131,"column":null}},"type":"binary-expr","locations":[{"start":{"line":131,"column":18},"end":{"line":131,"column":39}},{"start":{"line":131,"column":39},"end":{"line":131,"column":null}}],"line":131},"6":{"loc":{"start":{"line":166,"column":6},"end":{"line":167,"column":null}},"type":"binary-expr","locations":[{"start":{"line":166,"column":6},"end":{"line":166,"column":null}},{"start":{"line":167,"column":6},"end":{"line":167,"column":null}}],"line":166},"7":{"loc":{"start":{"line":167,"column":53},"end":{"line":167,"column":100}},"type":"binary-expr","locations":[{"start":{"line":167,"column":53},"end":{"line":167,"column":78}},{"start":{"line":167,"column":78},"end":{"line":167,"column":100}}],"line":167},"8":{"loc":{"start":{"line":169,"column":19},"end":{"line":169,"column":null}},"type":"binary-expr","locations":[{"start":{"line":169,"column":19},"end":{"line":169,"column":41}},{"start":{"line":169,"column":41},"end":{"line":169,"column":null}}],"line":169},"9":{"loc":{"start":{"line":182,"column":10},"end":{"line":182,"column":41}},"type":"binary-expr","locations":[{"start":{"line":182,"column":10},"end":{"line":182,"column":37}},{"start":{"line":182,"column":37},"end":{"line":182,"column":41}}],"line":182},"10":{"loc":{"start":{"line":203,"column":21},"end":{"line":208,"column":null}},"type":"cond-expr","locations":[{"start":{"line":204,"column":8},"end":{"line":207,"column":null}},{"start":{"line":208,"column":8},"end":{"line":208,"column":null}}],"line":203},"11":{"loc":{"start":{"line":327,"column":8},"end":{"line":327,"column":null}},"type":"binary-expr","locations":[{"start":{"line":327,"column":8},"end":{"line":327,"column":35}},{"start":{"line":327,"column":35},"end":{"line":327,"column":null}}],"line":327},"12":{"loc":{"start":{"line":358,"column":18},"end":{"line":358,"column":null}},"type":"binary-expr","locations":[{"start":{"line":358,"column":18},"end":{"line":358,"column":34}},{"start":{"line":358,"column":34},"end":{"line":358,"column":null}}],"line":358},"13":{"loc":{"start":{"line":386,"column":2},"end":{"line":386,"column":null}},"type":"if","locations":[{"start":{"line":386,"column":2},"end":{"line":386,"column":null}},{"start":{},"end":{}}],"line":386},"14":{"loc":{"start":{"line":387,"column":2},"end":{"line":387,"column":null}},"type":"if","locations":[{"start":{"line":387,"column":2},"end":{"line":387,"column":null}},{"start":{},"end":{}}],"line":387},"15":{"loc":{"start":{"line":388,"column":2},"end":{"line":388,"column":null}},"type":"if","locations":[{"start":{"line":388,"column":2},"end":{"line":388,"column":null}},{"start":{},"end":{}}],"line":388},"16":{"loc":{"start":{"line":389,"column":2},"end":{"line":389,"column":null}},"type":"if","locations":[{"start":{"line":389,"column":2},"end":{"line":389,"column":null}},{"start":{},"end":{}}],"line":389},"17":{"loc":{"start":{"line":390,"column":2},"end":{"line":390,"column":null}},"type":"if","locations":[{"start":{"line":390,"column":2},"end":{"line":390,"column":null}},{"start":{},"end":{}}],"line":390},"18":{"loc":{"start":{"line":391,"column":2},"end":{"line":391,"column":null}},"type":"if","locations":[{"start":{"line":391,"column":2},"end":{"line":391,"column":null}},{"start":{},"end":{}}],"line":391},"19":{"loc":{"start":{"line":392,"column":2},"end":{"line":392,"column":null}},"type":"if","locations":[{"start":{"line":392,"column":2},"end":{"line":392,"column":null}},{"start":{},"end":{}}],"line":392},"20":{"loc":{"start":{"line":419,"column":2},"end":{"line":419,"column":null}},"type":"if","locations":[{"start":{"line":419,"column":2},"end":{"line":419,"column":null}},{"start":{},"end":{}}],"line":419},"21":{"loc":{"start":{"line":420,"column":2},"end":{"line":420,"column":null}},"type":"if","locations":[{"start":{"line":420,"column":2},"end":{"line":420,"column":null}},{"start":{},"end":{}}],"line":420},"22":{"loc":{"start":{"line":442,"column":2},"end":{"line":444,"column":null}},"type":"if","locations":[{"start":{"line":442,"column":2},"end":{"line":444,"column":null}},{"start":{},"end":{}}],"line":442},"23":{"loc":{"start":{"line":446,"column":2},"end":{"line":446,"column":null}},"type":"if","locations":[{"start":{"line":446,"column":2},"end":{"line":446,"column":null}},{"start":{},"end":{}}],"line":446},"24":{"loc":{"start":{"line":447,"column":2},"end":{"line":447,"column":null}},"type":"if","locations":[{"start":{"line":447,"column":2},"end":{"line":447,"column":null}},{"start":{},"end":{}}],"line":447},"25":{"loc":{"start":{"line":447,"column":6},"end":{"line":447,"column":44}},"type":"binary-expr","locations":[{"start":{"line":447,"column":6},"end":{"line":447,"column":29}},{"start":{"line":447,"column":29},"end":{"line":447,"column":44}}],"line":447},"26":{"loc":{"start":{"line":474,"column":2},"end":{"line":484,"column":null}},"type":"if","locations":[{"start":{"line":474,"column":2},"end":{"line":484,"column":null}},{"start":{},"end":{}}],"line":474},"27":{"loc":{"start":{"line":474,"column":6},"end":{"line":474,"column":82}},"type":"binary-expr","locations":[{"start":{"line":474,"column":6},"end":{"line":474,"column":33}},{"start":{"line":474,"column":33},"end":{"line":474,"column":58}},{"start":{"line":474,"column":58},"end":{"line":474,"column":82}}],"line":474},"28":{"loc":{"start":{"line":479,"column":4},"end":{"line":479,"column":null}},"type":"if","locations":[{"start":{"line":479,"column":4},"end":{"line":479,"column":null}},{"start":{},"end":{}}],"line":479},"29":{"loc":{"start":{"line":480,"column":4},"end":{"line":480,"column":null}},"type":"if","locations":[{"start":{"line":480,"column":4},"end":{"line":480,"column":null}},{"start":{},"end":{}}],"line":480},"30":{"loc":{"start":{"line":481,"column":4},"end":{"line":481,"column":null}},"type":"if","locations":[{"start":{"line":481,"column":4},"end":{"line":481,"column":null}},{"start":{},"end":{}}],"line":481},"31":{"loc":{"start":{"line":487,"column":2},"end":{"line":493,"column":null}},"type":"if","locations":[{"start":{"line":487,"column":2},"end":{"line":493,"column":null}},{"start":{},"end":{}}],"line":487},"32":{"loc":{"start":{"line":530,"column":2},"end":{"line":532,"column":null}},"type":"if","locations":[{"start":{"line":530,"column":2},"end":{"line":532,"column":null}},{"start":{},"end":{}}],"line":530},"33":{"loc":{"start":{"line":530,"column":6},"end":{"line":530,"column":61}},"type":"binary-expr","locations":[{"start":{"line":530,"column":6},"end":{"line":530,"column":29}},{"start":{"line":530,"column":29},"end":{"line":530,"column":61}}],"line":530}},"s":{"0":1,"1":1,"2":1,"3":5,"4":1,"5":2,"6":0,"7":0,"8":0,"9":0,"10":0,"11":0,"12":0,"13":0,"14":0,"15":0,"16":0,"17":0,"18":0,"19":0,"20":5,"21":5,"22":2,"23":5,"24":0,"25":5,"26":2,"27":5,"28":1,"29":5,"30":1,"31":5,"32":1,"33":5,"34":0,"35":5,"36":5,"37":5,"38":1,"39":5,"40":1,"41":5,"42":5,"43":5,"44":3,"45":5,"46":1,"47":5,"48":0,"49":5,"50":3,"51":3,"52":1,"53":1,"54":1,"55":1,"56":1,"57":1,"58":1,"59":1,"60":3,"61":1,"62":3,"63":3,"64":4,"65":3,"66":1,"67":2,"68":0},"f":{"0":5,"1":1,"2":2,"3":0,"4":0,"5":0,"6":0,"7":0,"8":0,"9":0,"10":0,"11":0,"12":5,"13":5,"14":5,"15":3,"16":3,"17":4,"18":0},"b":{"0":[1,1],"1":[2,2],"2":[0,0],"3":[0,0],"4":[0,0],"5":[0,0],"6":[0,0],"7":[0,0],"8":[0,0],"9":[0,0],"10":[0,0],"11":[0,0],"12":[0,0],"13":[2,3],"14":[0,5],"15":[2,3],"16":[1,4],"17":[1,4],"18":[1,4],"19":[0,5],"20":[1,4],"21":[1,4],"22":[3,2],"23":[1,4],"24":[0,5],"25":[5,0],"26":[1,2],"27":[3,2,2],"28":[1,0],"29":[1,0],"30":[1,0],"31":[1,2],"32":[1,2],"33":[3,1]},"meta":{"lastBranch":34,"lastFunction":19,"lastStatement":69,"seen":{"s:8:17:8:Infinity":0,"s:9:17:9:Infinity":1,"s:10:17:10:Infinity":2,"f:51:16:51:37":0,"s:52:2:61:Infinity":3,"f:68:16:68:39":1,"s:69:2:78:Infinity":4,"f:72:31:72:32":2,"s:72:49:77:6":5,"b:76:49:76:70:76:70:76:Infinity":0,"b:76:10:76:22:76:22:76:49":1,"f:88:16:88:Infinity":3,"s:94:42:108:Infinity":6,"b:110:2:112:Infinity:undefined:undefined:undefined:undefined":2,"s:110:2:112:Infinity":7,"b:110:6:110:21:110:21:110:45":3,"s:111:4:111:Infinity":8,"s:114:2:114:Infinity":9,"f:121:16:121:32":4,"s:122:2:148:Infinity":10,"b:129:11:129:25:129:25:129:Infinity":4,"b:131:18:131:39:131:39:131:Infinity":5,"f:155:16:155:34":5,"s:156:18:156:Infinity":11,"s:157:19:157:Infinity":12,"s:159:2:211:Infinity":13,"b:166:6:166:Infinity:167:6:167:Infinity":6,"b:167:53:167:78:167:78:167:100":7,"b:169:19:169:41:169:41:169:Infinity":8,"b:182:10:182:37:182:37:182:41":9,"f:182:45:182:46":6,"s:182:57:185:8":14,"b:204:8:207:Infinity:208:8:208:Infinity":10,"f:217:16:217:39":7,"s:218:2:240:Infinity":15,"f:246:16:246:38":8,"s:247:2:262:Infinity":16,"f:268:16:268:36":9,"s:269:2:284:Infinity":17,"f:291:16:291:32":10,"s:292:2:330:Infinity":18,"b:327:8:327:35:327:35:327:Infinity":11,"f:337:16:337:Infinity":11,"s:344:2:362:Infinity":19,"b:358:18:358:34:358:34:358:Infinity":12,"f:380:16:380:37":12,"s:381:48:384:Infinity":20,"b:386:2:386:Infinity:undefined:undefined:undefined:undefined":13,"s:386:2:386:Infinity":21,"s:386:20:386:Infinity":22,"b:387:2:387:Infinity:undefined:undefined:undefined:undefined":14,"s:387:2:387:Infinity":23,"s:387:25:387:Infinity":24,"b:388:2:388:Infinity:undefined:undefined:undefined:undefined":15,"s:388:2:388:Infinity":25,"s:388:21:388:Infinity":26,"b:389:2:389:Infinity:undefined:undefined:undefined:undefined":16,"s:389:2:389:Infinity":27,"s:389:19:389:Infinity":28,"b:390:2:390:Infinity:undefined:undefined:undefined:undefined":17,"s:390:2:390:Infinity":29,"s:390:26:390:Infinity":30,"b:391:2:391:Infinity:undefined:undefined:undefined:undefined":18,"s:391:2:391:Infinity":31,"s:391:33:391:Infinity":32,"b:392:2:392:Infinity:undefined:undefined:undefined:undefined":19,"s:392:2:392:Infinity":33,"s:392:30:392:Infinity":34,"s:394:2:394:Infinity":35,"f:410:16:410:32":13,"s:411:43:417:Infinity":36,"b:419:2:419:Infinity:undefined:undefined:undefined:undefined":20,"s:419:2:419:Infinity":37,"s:419:26:419:Infinity":38,"b:420:2:420:Infinity:undefined:undefined:undefined:undefined":21,"s:420:2:420:Infinity":39,"s:420:24:420:Infinity":40,"s:422:2:422:Infinity":41,"f:436:16:436:31":14,"s:437:42:440:Infinity":42,"b:442:2:444:Infinity:undefined:undefined:undefined:undefined":22,"s:442:2:444:Infinity":43,"s:443:4:443:Infinity":44,"b:446:2:446:Infinity:undefined:undefined:undefined:undefined":23,"s:446:2:446:Infinity":45,"s:446:19:446:Infinity":46,"b:447:2:447:Infinity:undefined:undefined:undefined:undefined":24,"s:447:2:447:Infinity":47,"b:447:6:447:29:447:29:447:44":25,"s:447:44:447:Infinity":48,"s:449:2:449:Infinity":49,"f:467:16:467:30":15,"s:468:41:471:Infinity":50,"b:474:2:484:Infinity:undefined:undefined:undefined:undefined":26,"s:474:2:484:Infinity":51,"b:474:6:474:33:474:33:474:58:474:58:474:82":27,"s:475:45:477:Infinity":52,"b:479:4:479:Infinity:undefined:undefined:undefined:undefined":28,"s:479:4:479:Infinity":53,"s:479:33:479:Infinity":54,"b:480:4:480:Infinity:undefined:undefined:undefined:undefined":29,"s:480:4:480:Infinity":55,"s:480:31:480:Infinity":56,"b:481:4:481:Infinity:undefined:undefined:undefined:undefined":30,"s:481:4:481:Infinity":57,"s:481:32:481:Infinity":58,"s:483:4:483:Infinity":59,"b:487:2:493:Infinity:undefined:undefined:undefined:undefined":31,"s:487:2:493:Infinity":60,"s:488:4:492:Infinity":61,"s:495:2:495:Infinity":62,"f:510:16:510:32":16,"s:511:18:527:Infinity":63,"f:518:38:518:39":17,"s:518:46:525:6":64,"b:530:2:532:Infinity:undefined:undefined:undefined:undefined":32,"s:530:2:532:Infinity":65,"b:530:6:530:29:530:29:530:61":33,"s:531:4:531:Infinity":66,"s:534:2:534:Infinity":67,"f:541:16:541:41":18,"s:542:2:542:Infinity":68}}}
}
